<?xml version="1.0" encoding="UTF-8"?>
<!-- Generated by org.testng.reporters.JUnitXMLReporter -->
<testsuite hostname="SaurabhGupta" ignored="0" name="Test1" tests="3" failures="0" timestamp="2020-07-03T11:52:34 IST" time="0.102" errors="0">
  <testcase name="@BeforeClass setup" time="-1.593757354791E9" classname="Test.Test1">
    <failure type="org.testng.TestNGException" message="
Can inject only one of &amp;lt;ITestContext, XmlTest&amp;gt; into a @BeforeClass annotated setup.
For more information on native dependency injection please refer to http://testng.org/doc/documentation-main.html#native-dependency-injection">
      <![CDATA[org.testng.TestNGException: 
Can inject only one of <ITestContext, XmlTest> into a @BeforeClass annotated setup.
For more information on native dependency injection please refer to http://testng.org/doc/documentation-main.html#native-dependency-injection
at java.util.ArrayList.forEach(ArrayList.java:1257)
... Removed 22 stack frames]]>
    </failure>
  </testcase> <!-- @BeforeClass setup -->
  <testcase name="@AfterTest Logout" time="-1.593757354857E9" classname="Test.Test1">
    <skipped/>
  </testcase> <!-- @AfterTest Logout -->
  <testcase name="Test1" time="0.0" classname="Test.Test1">
    <skipped/>
  </testcase> <!-- Test1 -->
  <testcase name="Tshirt" time="0.0" classname="Test.Test1">
    <skipped/>
  </testcase> <!-- Tshirt -->
  <testcase name="TshirtSelection" time="0.0" classname="Test.Test1">
    <skipped/>
  </testcase> <!-- TshirtSelection -->
</testsuite> <!-- Test1 -->
